<?xml version="1.0" encoding="utf-8"?><testsuites name="pytest tests"><testsuite name="pytest" errors="0" failures="0" skipped="0" tests="20" time="37.739" timestamp="2026-01-24T15:13:41.243904+00:00" hostname="agent-env-14bc80d8-3462-4f8a-b44a-04dc0f32237a"><testcase classname="test_voice_grievance.TestVoiceGrievanceAPI" name="test_transcribe_endpoint_exists" time="0.485" /><testcase classname="test_voice_grievance.TestVoiceGrievanceAPI" name="test_transcribe_endpoint_requires_auth" time="0.348" /><testcase classname="test_voice_grievance.TestVoiceGrievanceAPI" name="test_transcribe_with_dummy_audio" time="7.192" /><testcase classname="test_voice_grievance.TestAIEndpointsForVoice" name="test_analyze_grievance_with_transcribed_text" time="7.305" /><testcase classname="test_api.TestHealthAndRoot" name="test_api_root" time="0.064" /><testcase classname="test_api.TestAuthentication" name="test_login_success_with_test_user" time="0.368" /><testcase classname="test_api.TestAuthentication" name="test_login_invalid_email" time="0.320" /><testcase classname="test_api.TestAuthentication" name="test_login_missing_fields" time="0.042" /><testcase classname="test_api.TestDashboard" name="test_dashboard_stats" time="0.939" /><testcase classname="test_api.TestDashboard" name="test_dashboard_without_auth" time="0.349" /><testcase classname="test_api.TestGrievances" name="test_get_grievances_list" time="0.631" /><testcase classname="test_api.TestGrievances" name="test_get_grievance_metrics" time="0.644" /><testcase classname="test_api.TestGrievances" name="test_get_grievance_stats_overview" time="0.634" /><testcase classname="test_api.TestGrievances" name="test_create_grievance" time="0.648" /><testcase classname="test_api.TestGrievances" name="test_grievances_without_auth" time="0.353" /><testcase classname="test_api.TestSentimentAnalytics" name="test_get_sentiment_data" time="0.673" /><testcase classname="test_api.TestSentimentAnalytics" name="test_get_sentiment_overview" time="0.621" /><testcase classname="test_api.TestAIEndpoints" name="test_generate_constituency_summary" time="5.007" /><testcase classname="test_api.TestAIEndpoints" name="test_analyze_grievance" time="10.261" /><testcase classname="test_api.TestAuthMe" name="test_auth_me_endpoint" time="0.783" /></testsuite></testsuites>