<?xml version="1.0" encoding="utf-8"?><testsuites name="pytest tests"><testsuite name="pytest" errors="0" failures="1" skipped="0" tests="24" time="5.272" timestamp="2026-02-06T10:06:46.771744+00:00" hostname="agent-env-852eee93-63e1-450c-88ba-de2e6be4acf6"><testcase classname="tests.test_cto_mandate.TestWhatsAppBotStatus" name="test_whatsapp_status_returns_version_2" time="0.060" /><testcase classname="tests.test_cto_mandate.TestWhatsAppBotStatus" name="test_whatsapp_status_has_9_features" time="0.038" /><testcase classname="tests.test_cto_mandate.TestWhatsAppBotStatus" name="test_whatsapp_status_has_12_categories" time="0.039" /><testcase classname="tests.test_cto_mandate.TestLanguageDetection" name="test_detect_telugu" time="0.040" /><testcase classname="tests.test_cto_mandate.TestLanguageDetection" name="test_detect_hindi" time="0.041" /><testcase classname="tests.test_cto_mandate.TestLanguageDetection" name="test_detect_tamil" time="0.038" /><testcase classname="tests.test_cto_mandate.TestLanguageDetection" name="test_detect_english" time="0.039" /><testcase classname="tests.test_cto_mandate.TestLanguageDetection" name="test_detect_kannada" time="0.037" /><testcase classname="tests.test_cto_mandate.TestAIPriorityAnalysis" name="test_priority_returns_english_category" time="0.039" /><testcase classname="tests.test_cto_mandate.TestAIPriorityAnalysis" name="test_water_issue_high_priority" time="0.039" /><testcase classname="tests.test_cto_mandate.TestAIPriorityAnalysis" name="test_health_issue_critical_priority" time="0.038" /><testcase classname="tests.test_cto_mandate.TestAIPriorityAnalysis" name="test_electricity_issue_critical_priority" time="0.038" /><testcase classname="tests.test_cto_mandate.TestAIPriorityAnalysis" name="test_road_issue_high_priority" time="0.038" /><testcase classname="tests.test_cto_mandate.TestGrievanceAnalytics" name="test_analytics_returns_normalized_categories" time="0.645" /><testcase classname="tests.test_cto_mandate.TestGrievanceAnalytics" name="test_analytics_total_count" time="0.324" /><testcase classname="tests.test_cto_mandate.TestGrievanceAnalytics" name="test_analytics_has_12_official_categories" time="0.327" /><testcase classname="tests.test_cto_mandate.TestTranslation" name="test_translate_to_telugu" time="0.876" /><testcase classname="tests.test_cto_mandate.TestTranslation" name="test_translate_to_hindi" time="0.456" /><testcase classname="tests.test_cto_mandate.TestTranslation" name="test_no_translation_for_english" time="0.035" /><testcase classname="tests.test_cto_mandate.TestGrievanceWorkflow" name="test_get_grievances_list" time="0.336" /><testcase classname="tests.test_cto_mandate.TestGrievanceWorkflow" name="test_create_grievance_with_english_category" time="0.649"><failure message="AssertionError: assert 'General' == 'Water &amp; Irrigation'&#10;  &#10;  - Water &amp; Irrigation&#10;  + General">tests/test_cto_mandate.py:352: in test_create_grievance_with_english_category
    assert grievance_data["category"] == "Water &amp; Irrigation"
E   AssertionError: assert 'General' == 'Water &amp; Irrigation'
E     
E     - Water &amp; Irrigation
E     + General</failure></testcase><testcase classname="tests.test_cto_mandate.TestGrievanceWorkflow" name="test_grievance_metrics" time="0.324" /><testcase classname="tests.test_cto_mandate.TestAuthentication" name="test_login_success" time="0.311" /><testcase classname="tests.test_cto_mandate.TestAuthentication" name="test_login_invalid_credentials" time="0.351" /></testsuite></testsuites>