<?xml version="1.0" encoding="utf-8"?><testsuites name="pytest tests"><testsuite name="pytest" errors="0" failures="0" skipped="0" tests="11" time="24.322" timestamp="2026-01-24T15:20:38.770582+00:00" hostname="agent-env-14bc80d8-3462-4f8a-b44a-04dc0f32237a"><testcase classname="backend.tests.test_whatsapp_voice.TestWhatsAppStatus" name="test_whatsapp_status_endpoint" time="0.084" /><testcase classname="backend.tests.test_whatsapp_voice.TestWhatsAppWebhookWelcomeMessage" name="test_welcome_message_hi" time="0.067" /><testcase classname="backend.tests.test_whatsapp_voice.TestWhatsAppWebhookWelcomeMessage" name="test_welcome_message_hello" time="0.045" /><testcase classname="backend.tests.test_whatsapp_voice.TestWhatsAppWebhookWelcomeMessage" name="test_welcome_message_namaste" time="0.051" /><testcase classname="backend.tests.test_whatsapp_voice.TestWhatsAppWebhookHelpCommand" name="test_help_command_mentions_voice" time="0.081" /><testcase classname="backend.tests.test_whatsapp_voice.TestWhatsAppWebhookAudioHandling" name="test_webhook_accepts_audio_ogg" time="7.166" /><testcase classname="backend.tests.test_whatsapp_voice.TestWhatsAppWebhookAudioHandling" name="test_webhook_accepts_audio_mp3" time="7.559" /><testcase classname="backend.tests.test_whatsapp_voice.TestWhatsAppWebhookAudioHandling" name="test_webhook_accepts_audio_mpeg" time="6.741" /><testcase classname="backend.tests.test_whatsapp_voice.TestWhatsAppWebhookStatusCommand" name="test_status_command" time="0.796" /><testcase classname="backend.tests.test_whatsapp_voice.TestWhatsAppWebhookTextGrievance" name="test_text_grievance_creation" time="1.657" /><testcase classname="backend.tests.test_whatsapp_voice.TestWhatsAppCodeReview" name="test_voice_processing_code_structure" time="0.000" /></testsuite></testsuites>