<?xml version="1.0" encoding="utf-8"?><testsuites name="pytest tests"><testsuite name="pytest" errors="0" failures="1" skipped="0" tests="16" time="16.650" timestamp="2026-02-04T08:54:27.147897+00:00" hostname="agent-env-f34e30f5-3e6b-4063-83ff-85dc588f45d5"><testcase classname="backend.tests.test_grievance_workflow.TestWhatsAppBotStatus" name="test_whatsapp_status_endpoint" time="0.079" /><testcase classname="backend.tests.test_grievance_workflow.TestAIPriorityAnalysis" name="test_analyze_priority_returns_priority_level" time="0.040" /><testcase classname="backend.tests.test_grievance_workflow.TestAIPriorityAnalysis" name="test_analyze_priority_critical_health" time="0.039" /><testcase classname="backend.tests.test_grievance_workflow.TestAIPriorityAnalysis" name="test_analyze_priority_high_water" time="0.038" /><testcase classname="backend.tests.test_grievance_workflow.TestAIPriorityAnalysis" name="test_analyze_priority_emergency_override" time="0.036" /><testcase classname="backend.tests.test_grievance_workflow.TestGrievanceCRUD" name="test_get_grievances_list" time="0.678" /><testcase classname="backend.tests.test_grievance_workflow.TestGrievanceCRUD" name="test_create_grievance" time="0.621" /><testcase classname="backend.tests.test_grievance_workflow.TestGrievanceCRUD" name="test_get_single_grievance" time="0.893" /><testcase classname="backend.tests.test_grievance_workflow.TestGrievanceCRUD" name="test_grievance_metrics" time="0.600" /><testcase classname="backend.tests.test_grievance_workflow.TestGrievanceWorkflow" name="test_start_work_endpoint" time="1.772" /><testcase classname="backend.tests.test_grievance_workflow.TestGrievanceWorkflow" name="test_upload_resolution_photo_endpoint" time="0.356"><failure message="assert 520 == 200&#10; +  where 520 = &lt;Response [520]&gt;.status_code">backend/tests/test_grievance_workflow.py:254: in test_upload_resolution_photo_endpoint
    grievance_id = self._create_test_grievance()
                   ^^^^^^^^^^^^^^^^^^^^^^^^^^^^^
backend/tests/test_grievance_workflow.py:222: in _create_test_grievance
    assert response.status_code == 200
E   assert 520 == 200
E    +  where 520 = &lt;Response [520]&gt;.status_code</failure></testcase><testcase classname="backend.tests.test_grievance_workflow.TestGrievanceWorkflow" name="test_resolve_requires_photo_verification" time="1.464" /><testcase classname="backend.tests.test_grievance_workflow.TestGrievanceWorkflow" name="test_resolve_with_photo_verification" time="2.603" /><testcase classname="backend.tests.test_grievance_workflow.TestGrievanceWorkflow" name="test_full_workflow_sequence" time="3.570" /><testcase classname="backend.tests.test_grievance_workflow.TestFeedbackRating" name="test_record_feedback" time="3.159" /><testcase classname="backend.tests.test_grievance_workflow.TestFeedbackRating" name="test_feedback_validation" time="0.622" /></testsuite></testsuites>