<?xml version="1.0" encoding="utf-8"?><testsuites name="pytest tests"><testsuite name="pytest" errors="0" failures="0" skipped="0" tests="16" time="19.126" timestamp="2026-02-06T07:18:18.536198+00:00" hostname="agent-env-852eee93-63e1-450c-88ba-de2e6be4acf6"><testcase classname="backend.tests.test_grievance_workflow.TestWhatsAppBotStatus" name="test_whatsapp_status_endpoint" time="0.080" /><testcase classname="backend.tests.test_grievance_workflow.TestAIPriorityAnalysis" name="test_analyze_priority_returns_priority_level" time="0.043" /><testcase classname="backend.tests.test_grievance_workflow.TestAIPriorityAnalysis" name="test_analyze_priority_critical_health" time="0.041" /><testcase classname="backend.tests.test_grievance_workflow.TestAIPriorityAnalysis" name="test_analyze_priority_high_water" time="0.039" /><testcase classname="backend.tests.test_grievance_workflow.TestAIPriorityAnalysis" name="test_analyze_priority_emergency_override" time="0.038" /><testcase classname="backend.tests.test_grievance_workflow.TestGrievanceCRUD" name="test_get_grievances_list" time="0.651" /><testcase classname="backend.tests.test_grievance_workflow.TestGrievanceCRUD" name="test_create_grievance" time="0.627" /><testcase classname="backend.tests.test_grievance_workflow.TestGrievanceCRUD" name="test_get_single_grievance" time="0.932" /><testcase classname="backend.tests.test_grievance_workflow.TestGrievanceCRUD" name="test_grievance_metrics" time="0.639" /><testcase classname="backend.tests.test_grievance_workflow.TestGrievanceWorkflow" name="test_start_work_endpoint" time="1.920" /><testcase classname="backend.tests.test_grievance_workflow.TestGrievanceWorkflow" name="test_upload_resolution_photo_endpoint" time="2.185" /><testcase classname="backend.tests.test_grievance_workflow.TestGrievanceWorkflow" name="test_resolve_requires_photo_verification" time="1.551" /><testcase classname="backend.tests.test_grievance_workflow.TestGrievanceWorkflow" name="test_resolve_with_photo_verification" time="2.670" /><testcase classname="backend.tests.test_grievance_workflow.TestGrievanceWorkflow" name="test_full_workflow_sequence" time="3.583" /><testcase classname="backend.tests.test_grievance_workflow.TestFeedbackRating" name="test_record_feedback" time="3.337" /><testcase classname="backend.tests.test_grievance_workflow.TestFeedbackRating" name="test_feedback_validation" time="0.701" /></testsuite></testsuites>