<?xml version="1.0" encoding="utf-8"?><testsuites name="pytest tests"><testsuite name="pytest" errors="0" failures="0" skipped="0" tests="15" time="39.693" timestamp="2026-01-24T16:01:42.930956+00:00" hostname="agent-env-14bc80d8-3462-4f8a-b44a-04dc0f32237a"><testcase classname="backend.tests.test_whatsapp_openai.TestWhatsAppStatus" name="test_whatsapp_status_endpoint" time="0.086" /><testcase classname="backend.tests.test_whatsapp_openai.TestWhatsAppWebhookWelcomeMessage" name="test_welcome_message_hi" time="0.056" /><testcase classname="backend.tests.test_whatsapp_openai.TestWhatsAppWebhookWelcomeMessage" name="test_welcome_message_hello" time="0.041" /><testcase classname="backend.tests.test_whatsapp_openai.TestWhatsAppWebhookWelcomeMessage" name="test_welcome_message_namaste" time="0.043" /><testcase classname="backend.tests.test_whatsapp_openai.TestWhatsAppWebhookHelpCommand" name="test_help_command_mentions_voice" time="0.062" /><testcase classname="backend.tests.test_whatsapp_openai.TestWhatsAppWebhookAudioHandling" name="test_webhook_accepts_audio_ogg" time="6.648" /><testcase classname="backend.tests.test_whatsapp_openai.TestWhatsAppWebhookAudioHandling" name="test_webhook_accepts_audio_mp3" time="24.743" /><testcase classname="backend.tests.test_whatsapp_openai.TestWhatsAppWebhookStatusCommand" name="test_status_command" time="0.935" /><testcase classname="backend.tests.test_whatsapp_openai.TestWhatsAppWebhookTextGrievance" name="test_text_grievance_creation" time="1.428" /><testcase classname="backend.tests.test_whatsapp_openai.TestWhatsAppCodeReviewOpenAI" name="test_openai_whisper_import" time="0.000" /><testcase classname="backend.tests.test_whatsapp_openai.TestWhatsAppCodeReviewOpenAI" name="test_whisper_model_usage" time="0.000" /><testcase classname="backend.tests.test_whatsapp_openai.TestWhatsAppCodeReviewOpenAI" name="test_gpt4o_vision_usage" time="0.000" /><testcase classname="backend.tests.test_whatsapp_openai.TestWhatsAppCodeReviewOpenAI" name="test_image_content_import" time="0.000" /><testcase classname="backend.tests.test_whatsapp_openai.TestWhatsAppCodeReviewOpenAI" name="test_voice_processing_code_structure" time="0.000" /><testcase classname="backend.tests.test_whatsapp_openai.TestWhatsAppWebhookImageHandling" name="test_webhook_accepts_image_jpeg" time="5.576" /></testsuite></testsuites>