<?xml version="1.0" encoding="utf-8"?><testsuites name="pytest tests"><testsuite name="pytest" errors="0" failures="2" skipped="0" tests="16" time="17.682" timestamp="2026-01-24T14:58:22.530133+00:00" hostname="agent-env-14bc80d8-3462-4f8a-b44a-04dc0f32237a"><testcase classname="backend.tests.test_api.TestHealthAndRoot" name="test_api_root" time="0.096" /><testcase classname="backend.tests.test_api.TestAuthentication" name="test_login_success_with_test_user" time="0.545" /><testcase classname="backend.tests.test_api.TestAuthentication" name="test_login_invalid_email" time="0.306" /><testcase classname="backend.tests.test_api.TestAuthentication" name="test_login_missing_fields" time="0.044" /><testcase classname="backend.tests.test_api.TestDashboard" name="test_dashboard_stats" time="0.879" /><testcase classname="backend.tests.test_api.TestDashboard" name="test_dashboard_without_auth" time="0.379" /><testcase classname="backend.tests.test_api.TestGrievances" name="test_get_grievances_list" time="0.591" /><testcase classname="backend.tests.test_api.TestGrievances" name="test_get_grievance_metrics" time="0.620" /><testcase classname="backend.tests.test_api.TestGrievances" name="test_get_grievance_stats_overview" time="0.582" /><testcase classname="backend.tests.test_api.TestGrievances" name="test_create_grievance" time="0.638" /><testcase classname="backend.tests.test_api.TestGrievances" name="test_grievances_without_auth" time="0.387" /><testcase classname="backend.tests.test_api.TestSentimentAnalytics" name="test_get_sentiment_data" time="0.593"><failure message="AssertionError: Sentiment data failed: Internal Server Error&#10;assert 520 == 200&#10; +  where 520 = &lt;Response [520]&gt;.status_code">backend/tests/test_api.py:208: in test_get_sentiment_data
    assert response.status_code == 200, f"Sentiment data failed: {response.text}"
E   AssertionError: Sentiment data failed: Internal Server Error
E   assert 520 == 200
E    +  where 520 = &lt;Response [520]&gt;.status_code</failure></testcase><testcase classname="backend.tests.test_api.TestSentimentAnalytics" name="test_get_sentiment_overview" time="0.588"><failure message="AssertionError: Sentiment overview failed: Internal Server Error&#10;assert 520 == 200&#10; +  where 520 = &lt;Response [520]&gt;.status_code">backend/tests/test_api.py:217: in test_get_sentiment_overview
    assert response.status_code == 200, f"Sentiment overview failed: {response.text}"
E   AssertionError: Sentiment overview failed: Internal Server Error
E   assert 520 == 200
E    +  where 520 = &lt;Response [520]&gt;.status_code</failure></testcase><testcase classname="backend.tests.test_api.TestAIEndpoints" name="test_generate_constituency_summary" time="5.065" /><testcase classname="backend.tests.test_api.TestAIEndpoints" name="test_analyze_grievance" time="5.566" /><testcase classname="backend.tests.test_api.TestAuthMe" name="test_auth_me_endpoint" time="0.699" /></testsuite></testsuites>