<?xml version="1.0" encoding="utf-8"?><testsuites name="pytest tests"><testsuite name="pytest" errors="0" failures="2" skipped="0" tests="16" time="18.428" timestamp="2026-02-06T07:17:30.102046+00:00" hostname="agent-env-852eee93-63e1-450c-88ba-de2e6be4acf6"><testcase classname="backend.tests.test_grievance_workflow.TestWhatsAppBotStatus" name="test_whatsapp_status_endpoint" time="0.110"><failure message="KeyError: 'twilio_configured'">backend/tests/test_grievance_workflow.py:22: in test_whatsapp_status_endpoint
    assert data["twilio_configured"] == True
           ^^^^^^^^^^^^^^^^^^^^^^^^^
E   KeyError: 'twilio_configured'</failure></testcase><testcase classname="backend.tests.test_grievance_workflow.TestAIPriorityAnalysis" name="test_analyze_priority_returns_priority_level" time="0.044" /><testcase classname="backend.tests.test_grievance_workflow.TestAIPriorityAnalysis" name="test_analyze_priority_critical_health" time="0.039" /><testcase classname="backend.tests.test_grievance_workflow.TestAIPriorityAnalysis" name="test_analyze_priority_high_water" time="0.078" /><testcase classname="backend.tests.test_grievance_workflow.TestAIPriorityAnalysis" name="test_analyze_priority_emergency_override" time="0.043"><failure message="assert 4 == 2">backend/tests/test_grievance_workflow.py:98: in test_analyze_priority_emergency_override
    assert data["deadline_hours"] == 2  # Emergency gets 2 hours
    ^^^^^^^^^^^^^^^^^^^^^^^^^^^^^^^^^^
E   assert 4 == 2</failure></testcase><testcase classname="backend.tests.test_grievance_workflow.TestGrievanceCRUD" name="test_get_grievances_list" time="0.713" /><testcase classname="backend.tests.test_grievance_workflow.TestGrievanceCRUD" name="test_create_grievance" time="0.639" /><testcase classname="backend.tests.test_grievance_workflow.TestGrievanceCRUD" name="test_get_single_grievance" time="0.904" /><testcase classname="backend.tests.test_grievance_workflow.TestGrievanceCRUD" name="test_grievance_metrics" time="0.603" /><testcase classname="backend.tests.test_grievance_workflow.TestGrievanceWorkflow" name="test_start_work_endpoint" time="1.745" /><testcase classname="backend.tests.test_grievance_workflow.TestGrievanceWorkflow" name="test_upload_resolution_photo_endpoint" time="2.025" /><testcase classname="backend.tests.test_grievance_workflow.TestGrievanceWorkflow" name="test_resolve_requires_photo_verification" time="1.467" /><testcase classname="backend.tests.test_grievance_workflow.TestGrievanceWorkflow" name="test_resolve_with_photo_verification" time="2.635" /><testcase classname="backend.tests.test_grievance_workflow.TestGrievanceWorkflow" name="test_full_workflow_sequence" time="3.492" /><testcase classname="backend.tests.test_grievance_workflow.TestFeedbackRating" name="test_record_feedback" time="3.163" /><testcase classname="backend.tests.test_grievance_workflow.TestFeedbackRating" name="test_feedback_validation" time="0.632" /></testsuite></testsuites>