<?xml version="1.0" encoding="utf-8"?><testsuites name="pytest tests"><testsuite name="pytest" errors="0" failures="0" skipped="0" tests="24" time="5.459" timestamp="2026-02-06T10:07:45.919430+00:00" hostname="agent-env-852eee93-63e1-450c-88ba-de2e6be4acf6"><testcase classname="tests.test_cto_mandate.TestWhatsAppBotStatus" name="test_whatsapp_status_returns_version_2" time="0.081" /><testcase classname="tests.test_cto_mandate.TestWhatsAppBotStatus" name="test_whatsapp_status_has_9_features" time="0.040" /><testcase classname="tests.test_cto_mandate.TestWhatsAppBotStatus" name="test_whatsapp_status_has_12_categories" time="0.077" /><testcase classname="tests.test_cto_mandate.TestLanguageDetection" name="test_detect_telugu" time="0.041" /><testcase classname="tests.test_cto_mandate.TestLanguageDetection" name="test_detect_hindi" time="0.038" /><testcase classname="tests.test_cto_mandate.TestLanguageDetection" name="test_detect_tamil" time="0.041" /><testcase classname="tests.test_cto_mandate.TestLanguageDetection" name="test_detect_english" time="0.040" /><testcase classname="tests.test_cto_mandate.TestLanguageDetection" name="test_detect_kannada" time="0.040" /><testcase classname="tests.test_cto_mandate.TestAIPriorityAnalysis" name="test_priority_returns_english_category" time="0.034" /><testcase classname="tests.test_cto_mandate.TestAIPriorityAnalysis" name="test_water_issue_high_priority" time="0.041" /><testcase classname="tests.test_cto_mandate.TestAIPriorityAnalysis" name="test_health_issue_critical_priority" time="0.038" /><testcase classname="tests.test_cto_mandate.TestAIPriorityAnalysis" name="test_electricity_issue_critical_priority" time="0.040" /><testcase classname="tests.test_cto_mandate.TestAIPriorityAnalysis" name="test_road_issue_high_priority" time="0.032" /><testcase classname="tests.test_cto_mandate.TestGrievanceAnalytics" name="test_analytics_returns_normalized_categories" time="0.641" /><testcase classname="tests.test_cto_mandate.TestGrievanceAnalytics" name="test_analytics_total_count" time="0.370" /><testcase classname="tests.test_cto_mandate.TestGrievanceAnalytics" name="test_analytics_has_12_official_categories" time="0.327" /><testcase classname="tests.test_cto_mandate.TestTranslation" name="test_translate_to_telugu" time="0.870" /><testcase classname="tests.test_cto_mandate.TestTranslation" name="test_translate_to_hindi" time="0.491" /><testcase classname="tests.test_cto_mandate.TestTranslation" name="test_no_translation_for_english" time="0.038" /><testcase classname="tests.test_cto_mandate.TestGrievanceWorkflow" name="test_get_grievances_list" time="0.344" /><testcase classname="tests.test_cto_mandate.TestGrievanceWorkflow" name="test_create_grievance_with_english_category" time="0.705" /><testcase classname="tests.test_cto_mandate.TestGrievanceWorkflow" name="test_grievance_metrics" time="0.346" /><testcase classname="tests.test_cto_mandate.TestAuthentication" name="test_login_success" time="0.317" /><testcase classname="tests.test_cto_mandate.TestAuthentication" name="test_login_invalid_credentials" time="0.333" /></testsuite></testsuites>